2024/07/02 11:17:31 Mainda ishlatdim loggerni...
2024/07/02 11:28:58 Mainda ishlatdim loggerni...
2024/07/02 11:30:36 Mainda ishlatdim loggerni...
2024/07/02 11:35:25 Mainda ishlatdim loggerni...
2024/07/02 11:42:50 Mainda ishlatdim loggerni...
2024/07/02 11:47:20 Mainda ishlatdim loggerni...
2024/07/02 11:54:58 Mainda ishlatdim loggerni...
2024/07/02 11:58:18 Mainda ishlatdim loggerni...
2024/07/02 11:59:44 Mainda ishlatdim loggerni...
2024/07/02 12:05:24 Mainda ishlatdim loggerni...
2024/07/02 12:05:52 Received CreateUser request: name:"ipsum officia" age:-563189311 email:"enim" password:"dolore"
2024/07/02 12:05:52 Error executing query: dial tcp: lookup port=: no such host
2024/07/02 12:08:45 Mainda ishlatdim loggerni...
2024/07/02 12:10:48 Received CreateUser request: name:"aliquip" age:332551115 email:"mollit sed" password:"quis nostrud officia Excepteur in"
2024/07/02 12:10:48 Error executing query: dial tcp: lookup port=: no such host
2024/07/02 12:14:39 Mainda ishlatdim loggerni...
2024/07/02 12:16:05 Mainda ishlatdim loggerni...
2024/07/02 12:16:21 Received CreateUser request: name:"aliquip" age:332551115 email:"mollit sed" password:"quis nostrud officia Excepteur in"
2024/07/02 12:16:21 User created successfully: user_id:2 name:"aliquip" age:332551115 email:"mollit sed" password:"quis nostrud officia Excepteur in" created_at:"2024-07-02T12:16:21+05:00"
2024/07/02 12:17:32 Mainda ishlatdim loggerni...
2024/07/02 12:32:13 Mainda ishlatdim loggerni...
2024/07/02 12:32:39 Received CreateUser request: name:"reprehenderit aliqua cupidatat eu" age:1948177621 email:"dolor amet" password:"in sint ullamco"
2024/07/02 12:32:39 User created successfully: user_id:3 name:"reprehenderit aliqua cupidatat eu" age:1948177621 email:"dolor amet" password:"in sint ullamco" created_at:"2024-07-02T12:32:39+05:00"
2024/07/02 14:47:06 Mainda ishlatdim loggerni...
2024/07/02 16:52:26 Mainda ishlatdim loggerni...
2024/07/02 16:53:25 Received CreateUser request: name:"ullamco eiusmod" age:2129375263 email:"reprehenderit occaecat et nisi incididunt" password:"velit officia laborum consequat commodo"
2024/07/02 16:53:25 User created successfully: user_id:4 name:"ullamco eiusmod" age:2129375263 email:"reprehenderit occaecat et nisi incididunt" password:"velit officia laborum consequat commodo" created_at:"2024-07-02T16:53:25+05:00"
2024/07/02 16:57:09 Mainda ishlatdim loggerni...
2024/07/02 16:58:42 Mainda ishlatdim loggerni...
2024/07/02 16:58:56 Received CreateUser request: name:"tempor enim ut" age:381890856 email:"mollit qui elit proident dolore" password:"amet"
2024/07/02 16:58:56 User created successfully: user_id:5 name:"tempor enim ut" age:381890856 email:"mollit qui elit proident dolore" password:"amet" created_at:"2024-07-02T16:58:56+05:00"
2024/07/02 18:28:43 Mainda ishlatdim loggerni...
2024/07/02 18:37:37 Mainda ishlatdim loggerni...
2024/07/02 19:54:44 Mainda ishlatdim loggerni...
2024/07/02 19:58:19 Received CreateUser request: name:"Dostonbek" age:19 email:"doston" password:"SAlom"
2024/07/02 19:58:19 User created successfully: user_id:6 name:"Dostonbek" age:19 email:"doston" password:"SAlom" created_at:"2024-07-02T19:58:19+05:00"
2024/07/02 20:09:51 Mainda ishlatdim loggerni...
2024/07/02 20:39:57 Mainda ishlatdim loggerni...
2024/07/02 20:42:52 Received CreateUser request: name:"ea est irure do quis" age:-1814825606 email:"occaecat" password:"elit do reprehenderit est veniam"
2024/07/02 20:42:52 User created successfully: user_id:7 name:"ea est irure do quis" age:-1814825606 email:"occaecat" password:"elit do reprehenderit est veniam" created_at:"2024-07-02T20:42:52+05:00"
2024/07/03 00:57:51 Mainda ishlatdim loggerni...
2024/07/03 01:09:04 Mainda ishlatdim loggerni...
2024/07/03 02:10:10 Mainda ishlatdim loggerni...
2024/07/03 02:37:37 Mainda ishlatdim loggerni...
2024/07/03 04:27:25 Mainda ishlatdim loggerni...
2024/07/03 07:34:56 Mainda ishlatdim loggerni...
2024/07/03 07:55:21 Mainda ishlatdim loggerni...
2024/07/03 08:30:21 Mainda ishlatdim loggerni...
2024/07/03 08:30:57 Mainda ishlatdim loggerni...
2024/07/03 08:34:52 Received CreateUser request: name:"Dilshod" age:19 email:"dilshoddimurodov@gmail.com" password:"Dilshod@2005"
2024/07/03 08:34:52 User created successfully: user_id:8 name:"Dilshod" age:19 email:"dilshoddimurodov@gmail.com" password:"Dilshod@2005" created_at:"2024-07-03T08:34:52+05:00"
2024/07/03 08:39:58 Mainda ishlatdim loggerni...
2024/07/03 08:45:15 Mainda ishlatdim loggerni...
2024/07/03 08:46:19 Received UpdaaateUser request: user_id:4
2024/07/03 08:46:19 User updated successfully: user_id:4 created_at:"2024-07-03T08:46:19+05:00"
2024/07/03 09:37:33 Mainda ishlatdim loggerni...
2024/07/03 09:39:42 Received UpdaaateUser request: user_id:7
2024/07/03 09:39:42 User updated successfully: user_id:7 created_at:"2024-07-03T09:39:42+05:00"
2024/07/03 09:40:00 Received UpdaaateUser request: user_id:7
2024/07/03 09:40:00 User updated successfully: user_id:7 created_at:"2024-07-03T09:40:00+05:00"
2024/07/03 09:50:56 Mainda ishlatdim loggerni...
2024/07/03 09:52:36 Mainda ishlatdim loggerni...
2024/07/03 09:53:37 Mainda ishlatdim loggerni...
2024/07/03 09:55:35 Received CreateUser request: name:"nimadir" age:19 email:"Kimdir@" password:"allooo"
2024/07/03 09:55:35 User created successfully: user_id:9 name:"nimadir" age:19 email:"Kimdir@" password:"allooo" created_at:"2024-07-03T09:55:35+05:00"
2024/07/03 09:57:04 Received UpdaaateUser request: user_id:9
2024/07/03 09:57:04 User updated successfully: user_id:9 created_at:"2024-07-03T09:57:04+05:00"
2024/07/03 10:00:39 Received CreateUser request: name:"salom" age:19 email:"Kimdir@" password:"allooo"
2024/07/03 10:00:39 User created successfully: user_id:10 name:"salom" age:19 email:"Kimdir@" password:"allooo" created_at:"2024-07-03T10:00:39+05:00"
2024/07/03 10:03:30 Received CreateUser request: name:"laboris velit" age:1972055821 email:"sit eu" password:"dolor ullamco in labore"
2024/07/03 10:03:30 User created successfully: user_id:11 name:"laboris velit" age:1972055821 email:"sit eu" password:"dolor ullamco in labore" created_at:"2024-07-03T10:03:30+05:00"
2024/07/03 10:04:01 Received UpdaaateUser request: user_id:11 name:"labore ex" age:656930382 email:"Ut do" password:"Lorem ut nostrud"
2024/07/03 10:04:01 User updated successfully: user_id:11 name:"labore ex" age:656930382 email:"Ut do" password:"Lorem ut nostrud" created_at:"2024-07-03T10:04:01+05:00"
2024/07/03 10:05:58 Received UpdaaateUser request: user_id:11 name:"salom" age:19 email:"Kimdir@" password:"allooo"
2024/07/03 10:05:58 User updated successfully: user_id:11 name:"salom" age:19 email:"Kimdir@" password:"allooo" created_at:"2024-07-03T10:05:58+05:00"
2024/07/03 10:06:11 Received UpdaaateUser request: user_id:11 name:"dilshod kunte" age:19 email:"Kimdir@" password:"allooo"
2024/07/03 10:06:11 User updated successfully: user_id:11 name:"dilshod kunte" age:19 email:"Kimdir@" password:"allooo" created_at:"2024-07-03T10:06:11+05:00"
2024/07/03 10:17:58 Mainda ishlatdim loggerni...
2024/07/03 10:20:03 Received CreateUser request: name:"nimadir"
2024/07/03 10:20:03 User created successfully: user_id:12 name:"nimadir" created_at:"2024-07-03T10:20:03+05:00"
2024/07/03 10:21:47 Received CreateUser request: name:"Dilshod" age:19 email:"dilshoddimurodov@gmail.com" password:"Dilshod@2005"
2024/07/03 10:21:47 User created successfully: user_id:13 name:"Dilshod" age:19 email:"dilshoddimurodov@gmail.com" password:"Dilshod@2005" created_at:"2024-07-03T10:21:47+05:00"
2024/07/03 10:23:08 Received UpdaaateUser request: user_id:13 name:"aloo" age:19 email:"dilshoddimurodov@gmail.com" password:"Dilshod@2005"
2024/07/03 10:23:08 User updated successfully: user_id:13 name:"aloo" age:19 email:"dilshoddimurodov@gmail.com" password:"Dilshod@2005" created_at:"2024-07-03T10:23:08+05:00"
2024/07/03 10:33:21 Mainda ishlatdim loggerni...
2024/07/03 10:34:21 Received CreateUser request: name:"Dilshod" age:19 email:"dilshoddimurodov@gmail.com" password:"Dilshod@2005"
2024/07/03 10:34:21 User created successfully: user_id:14 name:"Dilshod" age:19 email:"dilshoddimurodov@gmail.com" password:"Dilshod@2005" created_at:"2024-07-03T10:34:21+05:00"
2024/07/03 10:35:01 Received UpdaaateUser request: user_id:14 name:"kimdir" age:19 email:"dilshoddimurodov@gmail.com" password:"Dilshod@2005"
2024/07/03 10:35:01 User updated successfully: user_id:14 name:"kimdir" age:19 email:"dilshoddimurodov@gmail.com" password:"Dilshod@2005" created_at:"2024-07-03T10:35:01+05:00"
