2024/07/02 10:16:37 Mainda ishlatdim loggerni...
2024/07/02 10:17:08 Salom
2024/07/02 10:22:18 Mainda ishlatdim loggerni...
2024/07/02 10:22:29 INFO: Order ishladiii
2024/07/02 10:23:13 Mainda ishlatdim loggerni...
2024/07/02 11:24:58 Mainda ishlatdim loggerni...
2024/07/02 11:26:20 INFO: Order ishladiii
2024/07/02 11:26:24 INFO: Order ishladiii
2024/07/02 11:26:26 INFO: Order ishladiii
2024/07/02 11:26:27 INFO: Order ishladiii
2024/07/02 11:26:27 INFO: Order ishladiii
2024/07/02 11:26:28 INFO: Order ishladiii
2024/07/02 11:26:28 INFO: Order ishladiii
2024/07/02 11:26:28 INFO: Order ishladiii
2024/07/02 11:28:37 Mainda ishlatdim loggerni...
2024/07/02 14:47:39 Mainda ishlatdim loggerni...
2024/07/02 16:03:06 Mainda ishlatdim loggerni...
2024/07/02 16:07:30 Mainda ishlatdim loggerni...
2024/07/02 16:51:06 Mainda ishlatdim loggerni...
2024/07/02 16:56:02 Mainda ishlatdim loggerni...
2024/07/02 16:56:34 Mainda ishlatdim loggerni...
2024/07/02 16:59:33 Mainda ishlatdim loggerni...
2024/07/02 17:13:30 Mainda ishlatdim loggerni...
2024/07/02 17:17:43 Mainda ishlatdim loggerni...
2024/07/02 17:24:31 Mainda ishlatdim loggerni...
2024/07/02 18:37:50 Mainda ishlatdim loggerni...
2024/07/02 18:41:52 Mainda ishlatdim loggerni...
2024/07/02 18:42:22 Error inserting order: dial tcp: lookup port=: no such host
2024/07/02 18:44:26 Mainda ishlatdim loggerni...
2024/07/02 18:46:20 Mainda ishlatdim loggerni...
2024/07/02 18:47:01 Mainda ishlatdim loggerni...
2024/07/02 18:54:05 Mainda ishlatdim loggerni...
2024/07/02 18:57:39 Mainda ishlatdim loggerni...
2024/07/02 18:58:29 Mainda ishlatdim loggerni...
2024/07/02 19:04:14 Mainda ishlatdim loggerni...
2024/07/03 00:57:30 Mainda ishlatdim loggerni...
2024/07/03 01:02:57 Mainda ishlatdim loggerni...
2024/07/03 01:05:16 Mainda ishlatdim loggerni...
2024/07/03 01:06:20 Mainda ishlatdim loggerni...
2024/07/03 01:08:29 Mainda ishlatdim loggerni...
2024/07/03 01:40:46 Mainda ishlatdim loggerni...
2024/07/03 01:55:15 Mainda ishlatdim loggerni...
2024/07/03 01:58:39 Mainda ishlatdim loggerni...
2024/07/03 02:03:22 Mainda ishlatdim loggerni...
2024/07/03 02:05:32 Mainda ishlatdim loggerni...
2024/07/03 02:09:50 Mainda ishlatdim loggerni...
2024/07/03 02:13:35 Mainda ishlatdim loggerni...
2024/07/03 02:18:36 Mainda ishlatdim loggerni...
2024/07/03 02:37:17 Mainda ishlatdim loggerni...
2024/07/03 02:49:01 Mainda ishlatdim loggerni...
2024/07/03 02:59:20 Mainda ishlatdim loggerni...
2024/07/03 03:03:38 Mainda ishlatdim loggerni...
2024/07/03 04:25:56 Eshityaptii...:9999
2024/07/03 04:25:56 Mainda ishlatdim loggerni...
2024/07/03 04:27:33 Eshityaptii...:9999
2024/07/03 04:27:33 Mainda ishlatdim loggerni...
2024/07/03 04:33:48 Eshityaptii...:9999
2024/07/03 04:33:48 Mainda ishlatdim loggerni...
2024/07/03 07:34:41 Eshityaptii...:9999
2024/07/03 07:34:41 Mainda ishlatdim loggerni...
2024/07/03 07:47:48 Eshityaptii...:9999
2024/07/03 07:47:48 Mainda ishlatdim loggerni...
2024/07/03 07:54:12 Eshityaptii...:9999
2024/07/03 07:54:12 Mainda ishlatdim loggerni...
2024/07/03 08:05:30 Eshityaptii...:9999
2024/07/03 08:05:30 Mainda ishlatdim loggerni...
2024/07/03 08:05:55 CreateOrders method started
2024/07/03 08:05:55 Received order: user_id:3  product_id:9  quantity:2
2024/07/03 08:05:55 Order saved to database with OrderID: 0
2024/07/03 08:05:55 Received order: user_id:3  product_id:9  quantity:1
2024/07/03 08:05:55 Order saved to database with OrderID: 0
2024/07/03 08:05:55 Received order: user_id:3  product_id:9  quantity:3
2024/07/03 08:05:55 Order saved to database with OrderID: 0
2024/07/03 08:05:55 End of stream
2024/07/03 08:15:06 Eshityaptii...:9999
2024/07/03 08:15:06 Mainda ishlatdim loggerni...
2024/07/03 08:15:33 CreateOrders method started
2024/07/03 08:15:33 Received order: user_id:3 product_id:9 quantity:2
2024/07/03 08:15:33 Order saved to database with OrderID: 0
2024/07/03 08:15:33 Received order: user_id:3 product_id:9 quantity:1
2024/07/03 08:15:33 Order saved to database with OrderID: 0
2024/07/03 08:15:33 Received order: user_id:3 product_id:9 quantity:3
2024/07/03 08:15:33 Order saved to database with OrderID: 0
2024/07/03 08:15:33 End of stream
2024/07/03 08:23:06 Eshityaptii...:9999
2024/07/03 08:23:06 Mainda ishlatdim loggerni...
2024/07/03 08:24:36 CreateOrders method started
2024/07/03 08:24:36 Received order: user_id:3 product_id:9 quantity:2
2024/07/03 08:24:36 Order saved to database with OrderID: 0
2024/07/03 08:24:36 Received order: user_id:3 product_id:9 quantity:1
2024/07/03 08:24:36 Order saved to database with OrderID: 0
2024/07/03 08:24:36 Received order: user_id:3 product_id:9 quantity:3
2024/07/03 08:24:36 Order saved to database with OrderID: 0
2024/07/03 08:24:36 End of stream
2024/07/03 08:24:47 CreateOrders method started
2024/07/03 08:24:47 Received order: user_id:3 product_id:9 quantity:2
2024/07/03 08:24:47 Order saved to database with OrderID: 0
2024/07/03 08:24:47 Received order: user_id:3 product_id:7 quantity:1
2024/07/03 08:24:47 Order saved to database with OrderID: 0
2024/07/03 08:24:47 Received order: user_id:3 product_id:9 quantity:3
2024/07/03 08:24:47 Order saved to database with OrderID: 0
2024/07/03 08:24:47 End of stream
2024/07/03 08:24:54 CreateOrders method started
2024/07/03 08:24:54 Received order: user_id:3 product_id:9 quantity:2
2024/07/03 08:24:54 Order saved to database with OrderID: 0
2024/07/03 08:24:54 Received order: user_id:3 product_id:8 quantity:1
2024/07/03 08:24:54 Order saved to database with OrderID: 0
2024/07/03 08:24:54 Received order: user_id:3 product_id:9 quantity:3
2024/07/03 08:24:54 Order saved to database with OrderID: 0
2024/07/03 08:24:54 End of stream
2024/07/03 08:30:07 Eshityaptii...:9999
2024/07/03 08:30:07 Mainda ishlatdim loggerni...
2024/07/03 09:32:49 created orderrrrr
2024/07/03 09:34:22 CreateOrders method started
2024/07/03 09:34:22 Received order: user_id:3 product_id:9 quantity:2
2024/07/03 09:34:22 Order saved to database with OrderID: 0
2024/07/03 09:34:22 created new orderssss
2024/07/03 09:34:22 Received order: user_id:3 product_id:9 quantity:1
2024/07/03 09:34:22 Order saved to database with OrderID: 0
2024/07/03 09:34:22 created new orderssss
2024/07/03 09:34:22 Received order: user_id:3 product_id:9 quantity:3
2024/07/03 09:34:22 Order saved to database with OrderID: 0
2024/07/03 09:34:22 created new orderssss
2024/07/03 09:34:22 End of stream
2024/07/03 09:35:06 CreateOrders method started
2024/07/03 09:35:06 Received order: user_id:3 product_id:9 quantity:2
2024/07/03 09:35:06 Order saved to database with OrderID: 0
2024/07/03 09:35:06 created new orderssss
2024/07/03 09:35:06 Received order: user_id:3 product_id:9 quantity:1
2024/07/03 09:35:06 Order saved to database with OrderID: 0
2024/07/03 09:35:06 created new orderssss
2024/07/03 09:35:06 Received order: user_id:3 product_id:9 quantity:3
2024/07/03 09:35:06 Order saved to database with OrderID: 0
2024/07/03 09:35:06 created new orderssss
2024/07/03 09:35:06 End of stream
2024/07/03 10:39:44 Eshityaptii...:9999
2024/07/03 10:39:44 Mainda ishlatdim loggerni...
2024/07/03 10:41:46 created orderrrrr
2024/07/03 10:43:03 CreateOrders method started
2024/07/03 10:43:03 Received order: user_id:3 product_id:9 quantity:2
2024/07/03 10:43:03 Order saved to database with OrderID: 0
2024/07/03 10:43:03 created new orderssss
2024/07/03 10:43:03 Received order: user_id:3 product_id:9 quantity:1
2024/07/03 10:43:03 Order saved to database with OrderID: 0
2024/07/03 10:43:03 created new orderssss
2024/07/03 10:43:03 Received order: user_id:3 product_id:9 quantity:3
2024/07/03 10:43:03 Order saved to database with OrderID: 0
2024/07/03 10:43:03 created new orderssss
2024/07/03 10:43:03 End of stream
